[2024-11-03 00:19:12] [INFO] This is an information message.
[2024-11-03 00:19:12] [WARNING] This is a warning message.
[2024-11-03 00:19:12] [ERROR] This is an error message.
[2024-11-03 00:19:12] [CRITICAL] This is a critical message.
[2024-11-03 00:23:31] [INFO] This is an information message.
[2024-11-03 00:23:31] [WARNING] This is a warning message.
[2024-11-03 00:23:31] [ERROR] This is an error message.
[2024-11-03 00:23:31] [CRITICAL] This is a critical message.
[2024-11-03 00:27:28] [INFO] This is an information message.
[2024-11-03 00:27:28] [WARNING] This is a warning message.
[2024-11-03 00:27:28] [ERROR] This is an error message.
[2024-11-03 00:27:28] [CRITICAL] This is a critical message.
[2024-11-03 00:27:29] [INFO]  test --- 1
[2024-11-03 00:27:30] [INFO]  test --- 2
[2024-11-03 00:27:31] [INFO]  test --- 3
[2024-11-03 00:27:32] [INFO]  test --- 4
[2024-11-03 00:27:33] [INFO]  test --- 5
[2024-11-03 00:27:34] [INFO]  test --- 6
[2024-11-03 00:27:35] [INFO]  test --- 7
[2024-11-03 00:27:36] [INFO]  test --- 8
[2024-11-03 00:27:37] [INFO]  test --- 9
[2024-11-03 00:27:38] [INFO]  test --- 10
[2024-11-03 00:27:39] [INFO]  test --- 11
[2024-11-03 00:27:40] [INFO]  test --- 12
[2024-11-03 00:27:41] [INFO]  test --- 13
[2024-11-03 00:27:42] [INFO]  test --- 14
[2024-11-03 00:27:43] [INFO]  test --- 15
[2024-11-03 00:27:44] [INFO]  test --- 16
[2024-11-03 00:27:45] [INFO]  test --- 17
[2024-11-03 00:27:46] [INFO]  test --- 18
[2024-11-03 00:27:47] [INFO]  test --- 19
[2024-11-03 00:27:48] [INFO]  test --- 20
[2024-11-03 00:27:49] [INFO]  test --- 21
[2024-11-03 00:27:50] [INFO]  test --- 22
[2024-11-03 00:27:51] [INFO]  test --- 23
[2024-11-03 00:27:52] [INFO]  test --- 24
[2024-11-03 00:27:53] [INFO]  test --- 25
[2024-11-03 00:27:54] [INFO]  test --- 26
[2024-11-03 00:27:55] [INFO]  test --- 27
[2024-11-03 00:27:56] [INFO]  test --- 28
[2024-11-03 00:27:57] [INFO]  test --- 29
[2024-11-03 00:27:58] [INFO]  test --- 30
[2024-11-03 00:27:59] [INFO]  test --- 31
[2024-11-03 00:28:00] [INFO]  test --- 32
[2024-11-03 00:28:01] [INFO]  test --- 33
[2024-11-03 00:28:02] [INFO]  test --- 34
[2024-11-03 00:28:03] [INFO]  test --- 35
[2024-11-03 00:28:04] [INFO]  test --- 36
[2024-11-03 00:28:05] [INFO]  test --- 37
[2024-11-03 00:28:06] [INFO]  test --- 38
[2024-11-03 00:28:07] [INFO]  test --- 39
[2024-11-03 00:28:08] [INFO]  test --- 40
[2024-11-03 00:28:09] [INFO]  test --- 41
[2024-11-03 00:28:10] [INFO]  test --- 42
[2024-11-03 00:28:11] [INFO]  test --- 43
[2024-11-03 00:28:12] [INFO]  test --- 44
[2024-11-03 00:28:13] [INFO]  test --- 45
[2024-11-03 00:28:14] [INFO]  test --- 46
[2024-11-03 00:28:15] [INFO]  test --- 47
[2024-11-03 00:28:16] [INFO]  test --- 48
[2024-11-03 00:28:17] [INFO]  test --- 49
[2024-11-03 00:28:18] [INFO]  test --- 50
[2024-11-03 00:28:19] [INFO]  test --- 51
[2024-11-03 00:28:20] [INFO]  test --- 52
[2024-11-03 00:28:21] [INFO]  test --- 53
[2024-11-03 00:28:22] [INFO]  test --- 54
[2024-11-03 00:28:23] [INFO]  test --- 55
[2024-11-03 00:28:24] [INFO]  test --- 56
[2024-11-03 00:28:25] [INFO]  test --- 57
[2024-11-03 00:28:26] [INFO]  test --- 58
[2024-11-03 00:28:27] [INFO]  test --- 59
[2024-11-03 00:28:28] [INFO]  test --- 60
[2024-11-03 00:28:29] [INFO]  test --- 61
[2024-11-03 00:28:30] [INFO]  test --- 62
[2024-11-03 00:28:31] [INFO]  test --- 63
[2024-11-03 00:28:32] [INFO]  test --- 64
[2024-11-03 00:28:33] [INFO]  test --- 65
[2024-11-03 00:28:34] [INFO]  test --- 66
[2024-11-03 00:28:35] [INFO]  test --- 67
[2024-11-03 00:28:36] [INFO]  test --- 68
[2024-11-03 00:28:37] [INFO]  test --- 69
[2024-11-03 00:28:38] [INFO]  test --- 70
[2024-11-03 00:28:39] [INFO]  test --- 71
[2024-11-03 00:28:40] [INFO]  test --- 72
[2024-11-03 00:28:41] [INFO]  test --- 73
[2024-11-03 00:28:42] [INFO]  test --- 74
[2024-11-03 00:28:43] [INFO]  test --- 75
[2024-11-03 00:28:44] [INFO]  test --- 76
[2024-11-03 00:28:45] [INFO]  test --- 77
[2024-11-03 00:28:46] [INFO]  test --- 78
[2024-11-03 00:28:47] [INFO]  test --- 79
[2024-11-03 00:28:48] [INFO]  test --- 80
[2024-11-03 00:28:49] [INFO]  test --- 81
[2024-11-03 00:28:50] [INFO]  test --- 82
[2024-11-03 00:28:51] [INFO]  test --- 83
[2024-11-03 00:28:52] [INFO]  test --- 84
[2024-11-03 00:28:53] [INFO]  test --- 85
[2024-11-03 00:28:54] [INFO]  test --- 86
[2024-11-03 00:28:55] [INFO]  test --- 87
[2024-11-03 00:28:56] [INFO]  test --- 88
[2024-11-03 00:28:57] [INFO]  test --- 89
[2024-11-03 00:28:58] [INFO]  test --- 90
[2024-11-03 00:28:59] [INFO]  test --- 91
[2024-11-03 00:29:00] [INFO]  test --- 92
[2024-11-03 00:29:01] [INFO]  test --- 93
[2024-11-03 00:29:02] [INFO]  test --- 94
[2024-11-03 00:29:03] [INFO]  test --- 95
[2024-11-03 00:29:04] [INFO]  test --- 96
[2024-11-03 00:29:05] [INFO]  test --- 97
[2024-11-03 00:29:06] [INFO]  test --- 98
[2024-11-03 00:29:07] [INFO]  test --- 99
[2024-11-03 00:29:08] [INFO]  test --- 100
[2024-11-03 00:29:09] [INFO]  test --- 101
[2024-11-03 00:29:10] [INFO]  test --- 102
[2024-11-03 00:29:11] [INFO]  test --- 103
[2024-11-03 00:29:12] [INFO]  test --- 104
[2024-11-03 00:29:13] [INFO]  test --- 105
[2024-11-03 00:29:14] [INFO]  test --- 106
[2024-11-03 00:29:15] [INFO]  test --- 107
[2024-11-03 00:29:16] [INFO]  test --- 108
[2024-11-03 00:29:17] [INFO]  test --- 109
[2024-11-03 00:29:18] [INFO]  test --- 110
[2024-11-03 00:29:19] [INFO]  test --- 111
[2024-11-03 00:29:20] [INFO]  test --- 112
[2024-11-03 00:29:21] [INFO]  test --- 113
[2024-11-03 00:29:22] [INFO]  test --- 114
[2024-11-03 00:29:23] [INFO]  test --- 115
[2024-11-03 00:29:24] [INFO]  test --- 116
[2024-11-03 00:29:25] [INFO]  test --- 117
[2024-11-03 00:29:26] [INFO]  test --- 118
[2024-11-03 00:29:27] [INFO]  test --- 119
[2024-11-03 00:29:28] [INFO]  test --- 120
[2024-11-03 00:29:29] [INFO]  test --- 121
[2024-11-03 00:29:30] [INFO]  test --- 122
[2024-11-03 00:29:31] [INFO]  test --- 123
[2024-11-03 00:29:32] [INFO]  test --- 124
[2024-11-03 00:29:33] [INFO]  test --- 125
[2024-11-03 00:29:34] [INFO]  test --- 126
[2024-11-03 00:29:35] [INFO]  test --- 127
[2024-11-03 00:29:36] [INFO]  test --- 128
[2024-11-03 00:29:37] [INFO]  test --- 129
[2024-11-03 00:29:38] [INFO]  test --- 130
[2024-11-03 00:29:39] [INFO]  test --- 131
[2024-11-03 00:29:40] [INFO]  test --- 132
[2024-11-03 00:29:41] [INFO]  test --- 133
[2024-11-03 00:29:42] [INFO]  test --- 134
[2024-11-03 00:29:43] [INFO]  test --- 135
[2024-11-03 00:29:44] [INFO]  test --- 136
[2024-11-03 00:29:45] [INFO]  test --- 137
[2024-11-03 00:29:46] [INFO]  test --- 138
[2024-11-03 00:29:47] [INFO]  test --- 139
